<?xml version="1.0" encoding="UTF-8"?>
<testng-results ignored="0" total="1" passed="1" failed="0" skipped="0">
  <reporter-output>
  </reporter-output>
  <suite started-at="2022-03-03T17:38:27 CET" name="Default suite" finished-at="2022-03-03T17:38:57 CET" duration-ms="29924">
    <groups>
    </groups>
    <test started-at="2022-03-03T17:38:27 CET" name="Default test" finished-at="2022-03-03T17:38:57 CET" duration-ms="29924">
      <class name="TestCases.NewTest">
        <test-method is-config="true" signature="configbeforeTestExe()[pri:0, instance:TestCases.NewTest@1e04fa0a]" started-at="2022-03-03T17:38:25 CET" name="configbeforeTestExe" finished-at="2022-03-03T17:38:27 CET" duration-ms="2340" status="PASS">
          <reporter-output>
          </reporter-output>
        </test-method> <!-- configbeforeTestExe -->
        <test-method signature="f()[pri:0, instance:TestCases.NewTest@1e04fa0a]" started-at="2022-03-03T17:38:27 CET" name="f" finished-at="2022-03-03T17:38:57 CET" duration-ms="29898" status="PASS">
          <reporter-output>
          </reporter-output>
        </test-method> <!-- f -->
      </class> <!-- TestCases.NewTest -->
    </test> <!-- Default test -->
  </suite> <!-- Default suite -->
</testng-results>
